<?xml version="1.0" encoding="UTF-8"?>
<!-- Generated by org.testng.reporters.JUnitXMLReporter -->
<testsuite ignored="0" hostname="NOISUKHP" failures="1" tests="2" name="Test" time="16.992" errors="0" timestamp="09 Feb 2024 04:51:12 GMT">
  <testcase classname="testScript.SecondClassTest" name="testSecondClass" time="0.007">
    <failure type="java.lang.NullPointerException">
      <![CDATA[java.lang.NullPointerException
at pageObject.SecondClass.getURLofApp(SecondClass.java:18)
at testScript.SecondClassTest.testSecondClass(SecondClassTest.java:22)
... Removed 25 stack frames]]>
    </failure>
  </testcase> <!-- testSecondClass -->
  <testcase classname="testScript.FirstClassTest" name="testFirstClass" time="0.009"/>
</testsuite> <!-- Test -->
