<?xml version="1.0" encoding="UTF-8"?>
<testng-results ignored="0" total="2" passed="1" failed="1" skipped="0">
  <reporter-output>
  </reporter-output>
  <suite started-at="2024-02-09T04:50:55Z" name="Suite" finished-at="2024-02-09T04:51:12Z" duration-ms="16992">
    <groups>
    </groups>
    <test started-at="2024-02-09T04:50:55Z" name="Test" finished-at="2024-02-09T04:51:12Z" duration-ms="16992">
      <class name="testScript.SecondClassTest">
        <test-method is-config="true" signature="setUp()[pri:0, instance:testScript.SecondClassTest@727eb8cb]" started-at="2024-02-09T04:50:55Z" name="setUp" finished-at="2024-02-09T04:50:55Z" duration-ms="15" status="PASS">
          <reporter-output>
          </reporter-output>
        </test-method> <!-- setUp -->
        <test-method signature="testSecondClass()[pri:0, instance:testScript.SecondClassTest@727eb8cb]" started-at="2024-02-09T04:50:55Z" name="testSecondClass" finished-at="2024-02-09T04:50:55Z" duration-ms="7" status="FAIL">
          <exception class="java.lang.NullPointerException">
            <full-stacktrace>
              <![CDATA[java.lang.NullPointerException
at pageObject.SecondClass.getURLofApp(SecondClass.java:18)
at testScript.SecondClassTest.testSecondClass(SecondClassTest.java:22)
at java.base/jdk.internal.reflect.NativeMethodAccessorImpl.invoke0(Native Method)
at java.base/jdk.internal.reflect.NativeMethodAccessorImpl.invoke(NativeMethodAccessorImpl.java:62)
at java.base/jdk.internal.reflect.DelegatingMethodAccessorImpl.invoke(DelegatingMethodAccessorImpl.java:43)
at java.base/java.lang.reflect.Method.invoke(Method.java:566)
at org.testng.internal.MethodInvocationHelper.invokeMethod(MethodInvocationHelper.java:124)
at org.testng.internal.Invoker.invokeMethod(Invoker.java:583)
at org.testng.internal.Invoker.invokeTestMethod(Invoker.java:719)
at org.testng.internal.Invoker.invokeTestMethods(Invoker.java:989)
at org.testng.internal.TestMethodWorker.invokeTestMethods(TestMethodWorker.java:125)
at org.testng.internal.TestMethodWorker.run(TestMethodWorker.java:109)
at org.testng.TestRunner.privateRun(TestRunner.java:648)
at org.testng.TestRunner.run(TestRunner.java:505)
at org.testng.SuiteRunner.runTest(SuiteRunner.java:455)
at org.testng.SuiteRunner.runSequentially(SuiteRunner.java:450)
at org.testng.SuiteRunner.privateRun(SuiteRunner.java:415)
at org.testng.SuiteRunner.run(SuiteRunner.java:364)
at org.testng.SuiteRunnerWorker.runSuite(SuiteRunnerWorker.java:52)
at org.testng.SuiteRunnerWorker.run(SuiteRunnerWorker.java:84)
at org.testng.TestNG.runSuitesSequentially(TestNG.java:1208)
at org.testng.TestNG.runSuitesLocally(TestNG.java:1137)
at org.testng.TestNG.runSuites(TestNG.java:1049)
at org.testng.TestNG.run(TestNG.java:1017)
at org.testng.remote.AbstractRemoteTestNG.run(AbstractRemoteTestNG.java:115)
at org.testng.remote.RemoteTestNG.initAndRun(RemoteTestNG.java:251)
at org.testng.remote.RemoteTestNG.main(RemoteTestNG.java:77)
]]>
            </full-stacktrace>
          </exception> <!-- java.lang.NullPointerException -->
          <reporter-output>
          </reporter-output>
        </test-method> <!-- testSecondClass -->
      </class> <!-- testScript.SecondClassTest -->
      <class name="testScript.FirstClassTest">
        <test-method is-config="true" signature="setUp()[pri:0, instance:testScript.FirstClassTest@39d9314d]" started-at="2024-02-09T04:50:55Z" name="setUp" finished-at="2024-02-09T04:51:12Z" duration-ms="16925" status="PASS">
          <reporter-output>
          </reporter-output>
        </test-method> <!-- setUp -->
        <test-method signature="testFirstClass()[pri:0, instance:testScript.FirstClassTest@39d9314d]" started-at="2024-02-09T04:51:12Z" name="testFirstClass" finished-at="2024-02-09T04:51:12Z" duration-ms="9" status="PASS">
          <reporter-output>
          </reporter-output>
        </test-method> <!-- testFirstClass -->
      </class> <!-- testScript.FirstClassTest -->
    </test> <!-- Test -->
  </suite> <!-- Suite -->
</testng-results>
